C51 COMPILER V9.05   ________                                                              07/24/2015 10:46:21 PAGE 1   


C51 COMPILER V9.05, COMPILATION OF MODULE ________
OBJECT MODULE PLACED IN 红外接收.OBJ
COMPILER INVOKED BY: D:\Keil\C51\BIN\C51.EXE 红外接收.c BROWSE DEBUG OBJECTEXTEND

line level    source

   1          #include<reg52.h>     //包含头文件，一般情况不需要改动，头文件包含特殊功能寄存器的定义   
   2          sbit LED=P0^1;  
   3          sbit IR=P2^3;         //红外一体化接收 
   4          sbit LED1=P0^2; 
   5          sbit BUZZER=P2^5;     
   6          void delayus(unsigned us) 
   7          { 
   8   1              unsigned int i,j;   
   9   1              for(i=0;i<us;i++)   
  10   1                      for(j=0;j<101;j++); 
  11   1      }  
  12          void main()
  13          {
  14   1              unsigned int a,b; 
  15   1              LED1=0;  
  16   1              BUZZER=0;    
  17   1              while(1)  
  18   1                      {    
  19   2         
  20   2                              b=0;    
  21   2                              for(a=0;a<22;a++)    
  22   2                              { 
  23   3                                      if(IR==0)   
  24   3                                      b=b+1;    
  25   3                                      delayus(6);//对脉冲采样   
  26   3                              }  
  27   2                              if(b>5)  
  28   2                              {
  29   3                                      LED=0;  
  30   3                                      BUZZER=0;
  31   3                              }
  32   2                              else   
  33   2                              {
  34   3                                      LED=1;    
  35   3                                      BUZZER=1;
  36   3                              }//有障碍物灯灭、蜂鸣器响           
  37   2                      } 
  38   1      }   


MODULE INFORMATION:   STATIC OVERLAYABLE
   CODE SIZE        =     95    ----
   CONSTANT SIZE    =   ----    ----
   XDATA SIZE       =   ----    ----
   PDATA SIZE       =   ----    ----
   DATA SIZE        =   ----       2
   IDATA SIZE       =   ----    ----
   BIT SIZE         =   ----    ----
END OF MODULE INFORMATION.


C51 COMPILATION COMPLETE.  0 WARNING(S),  0 ERROR(S)
