C51 COMPILER V9.05   ________                                                              07/24/2015 11:52:13 PAGE 1   


C51 COMPILER V9.05, COMPILATION OF MODULE ________
OBJECT MODULE PLACED IN 红外接收.OBJ
COMPILER INVOKED BY: D:\Keil\C51\BIN\C51.EXE 红外接收.c BROWSE DEBUG OBJECTEXTEND

line level    source

   1          #include<reg51.h>
   2          #include<intrins.h>
   3          #define uchar unsigned char
   4          #define uint unsigned int
   5          sbit led1=P1^0;
   6          sbit led2=P1^1;
   7          sbit led3=P1^2;
   8          sbit in=P3^2;
   9          uchar i,a,num;
  10          bit fleg;
  11          void init()
  12          {
  13   1              fleg=1;
  14   1              in=1;
  15   1              EA=1;
  16   1              EX0=1;
  17   1              IT0=1;
  18   1      }
  19          void delayms(uchar aa)
  20          {
  21   1              for(i=aa;i>0;i--)
  22   1              {
  23   2                      _nop_();_nop_();_nop_();_nop_();_nop_();_nop_();
  24   2              }       
  25   1      }
  26          
  27          void main()
  28          {
  29   1              init();
  30   1              //delayms(45);//0.642ms
  31   1              //delayms(35);//0.502ms
  32   1              //delayms(115);//1.623ms
  33   1              //delayms(72);//1.02ms
  34   1              //delayms(84);//1.188ms
  35   1              //delayms(31);//0.446ms
  36   1              while(1);
  37   1      }
  38          void sieasdf() interrupt 0
  39          {
  40   1              EX0=0;
  41   1              for(a=5;a>0;a--)
  42   1              {
  43   2                      delayms(35);//延时0.5ms 判断5次  5*0.5＝2.5ms
  44   2                      if(in)fleg=0;
  45   2              }
  46   1              if(fleg)
  47   1              {
  48   2                      delayms(72);//延时1ms  判断是不是高电平了
  49   2                      if(in)
  50   2                      {
  51   3                              delayms(115);//延时让它超过2ms; 2.5+1+1.623=5.123ms  开始读数据
  52   3                              delayms(118);//若偏移一位，可以去掉。
  53   3                              for(a=8;a>0;a--)
  54   3                              {
  55   4                                      while(!in);
C51 COMPILER V9.05   ________                                                              07/24/2015 11:52:13 PAGE 2   

  56   4                                      delayms(86);//延时1.188ms 判断IO高低，从而得0或1
  57   4                                      num=num>>1;
  58   4                                      if(in)
  59   4                                              {
  60   5                                                      num=num|0x80;
  61   5                                                      delayms(31);//延时0.6ms 因为上面延时1.2ms+0.6 刚好跳过1.5ms
  62   5                                              }
  63   4                              }       
  64   3                              P2=num;
  65   3                      
  66   3                      }
  67   2              }
  68   1              fleg=1;
  69   1              EX0=1;
  70   1      }


MODULE INFORMATION:   STATIC OVERLAYABLE
   CODE SIZE        =    141    ----
   CONSTANT SIZE    =   ----    ----
   XDATA SIZE       =   ----    ----
   PDATA SIZE       =   ----    ----
   DATA SIZE        =      3    ----
   IDATA SIZE       =   ----    ----
   BIT SIZE         =      1    ----
END OF MODULE INFORMATION.


C51 COMPILATION COMPLETE.  0 WARNING(S),  0 ERROR(S)
